<?xml version="1.0" encoding="UTF-8"?>
<!-- Generated by org.testng.reporters.JUnitReportReporter -->
<testsuite hostname="hp-PC" name="tests.LoginTest" tests="1" failures="0" timestamp="13 Nov 2017 17:28:12 GMT" time="13.674" errors="0">
  <testcase name="loginWithValidUserDetails" time="13.674" classname="tests.LoginTest"/>
</testsuite> <!-- tests.LoginTest -->
