<?xml version="1.0" encoding="UTF-8"?>
<!-- Generated by org.testng.reporters.JUnitReportReporter -->
<testsuite hostname="hp-PC" name="tests.ActivityFeedFunctionalityTest" tests="1" failures="0" timestamp="3 Nov 2017 05:58:08 GMT" time="0.007" errors="0">
  <testcase name="activityFeedFunctionality" time="0.007" classname="tests.ActivityFeedFunctionalityTest"/>
</testsuite> <!-- tests.ActivityFeedFunctionalityTest -->
